	Command being timed: "python Al-Mulla_deduper.py -f /projects/bgmp/rza/bioinfo/Bi624/Deduper-ramzymulla/C1_SE_uniqAlign_sorted.sam -o /projects/bgmp/rza/bioinfo/Bi624/Deduper-ramzymulla/C1_SE_uniqAlign_deduped.sam -u /projects/bgmp/rza/bioinfo/Bi624/Deduper-ramzymulla/STL96.txt"
	User time (seconds): 56.34
	System time (seconds): 2.48
	Percent of CPU this job got: 98%
	Elapsed (wall clock) time (h:mm:ss or m:ss): 0:59.56
	Average shared text size (kbytes): 0
	Average unshared data size (kbytes): 0
	Average stack size (kbytes): 0
	Average total size (kbytes): 0
	Maximum resident set size (kbytes): 637708
	Average resident set size (kbytes): 0
	Major (requiring I/O) page faults: 0
	Minor (reclaiming a frame) page faults: 161576
	Voluntary context switches: 1102
	Involuntary context switches: 71
	Swaps: 0
	File system inputs: 0
	File system outputs: 0
	Socket messages sent: 0
	Socket messages received: 0
	Signals delivered: 0
	Page size (bytes): 4096
	Exit status: 0
